<?xml version="1.0" encoding="UTF-8"?>
<!-- Generated by org.testng.reporters.JUnitReportReporter -->
<testsuite hostname="LAPTOP-5KMFOFH9" failures="0" tests="2" name="com.SwagLab.TestCases.LoginPageTest" time="0.510" errors="0" timestamp="2024-11-20T15:37:50 IST" skipped="0">
  <testcase classname="com.SwagLab.TestCases.LoginPageTest" name="validateUrl" time="0.024"/>
  <system-out/>
  <testcase classname="com.SwagLab.TestCases.LoginPageTest" name="validateLogin" time="0.486"/>
  <system-out/>
</testsuite> <!-- com.SwagLab.TestCases.LoginPageTest -->
