<?xml version="1.0" encoding="UTF-8"?>
<!-- Generated by org.testng.reporters.JUnitReportReporter -->
<testsuite hostname="LAPTOP-5KMFOFH9" failures="0" tests="1" name="com.ActionsClass.RightClickAction" time="4.443" errors="0" timestamp="2024-11-19T12:29:26 IST" skipped="0">
  <testcase classname="com.ActionsClass.RightClickAction" name="testRightClick" time="4.443"/>
  <system-out/>
</testsuite> <!-- com.ActionsClass.RightClickAction -->
