<?xml version="1.0" encoding="UTF-8"?>
<!-- Generated by org.testng.reporters.JUnitReportReporter -->
<testsuite hostname="LAPTOP-5KMFOFH9" failures="0" tests="1" name="com.WebElementHandling.AmazonDropdownDemo" time="11.093" errors="0" timestamp="2024-11-18T17:19:14 IST" skipped="0">
  <testcase classname="com.WebElementHandling.AmazonDropdownDemo" name="validateTitle" time="11.093"/>
  <system-out/>
</testsuite> <!-- com.WebElementHandling.AmazonDropdownDemo -->
