<?xml version="1.0" encoding="UTF-8"?>
<!-- Generated by org.testng.reporters.JUnitReportReporter -->
<testsuite hostname="LAPTOP-5KMFOFH9" failures="0" tests="2" name="com.SwagLab.TestCases.OverviewPageTest" time="0.140" errors="0" timestamp="2024-11-20T15:37:50 IST" skipped="0">
  <testcase classname="com.SwagLab.TestCases.OverviewPageTest" name="validateSummary" time="0.026"/>
  <system-out/>
  <testcase classname="com.SwagLab.TestCases.OverviewPageTest" name="validateFinishProcess" time="0.114"/>
  <system-out/>
</testsuite> <!-- com.SwagLab.TestCases.OverviewPageTest -->
