<?xml version="1.0" encoding="UTF-8"?>
<!-- Generated by org.testng.reporters.JUnitReportReporter -->
<testsuite hostname="LAPTOP-5KMFOFH9" failures="0" tests="1" name="com.SwagLab.TestCases.CheckOutPageTest" time="0.386" errors="0" timestamp="2024-11-20T15:37:50 IST" skipped="0">
  <testcase classname="com.SwagLab.TestCases.CheckOutPageTest" name="validateCheckOutFetaure" time="0.386"/>
  <system-out/>
</testsuite> <!-- com.SwagLab.TestCases.CheckOutPageTest -->
