<?xml version="1.0" encoding="UTF-8"?>
<!-- Generated by org.testng.reporters.JUnitReportReporter -->
<testsuite hostname="LAPTOP-5KMFOFH9" failures="0" tests="4" name="com.SwagLab.TestCases.InventoryPageTest" time="0.348" errors="0" timestamp="2024-11-20T15:37:50 IST" skipped="0">
  <testcase classname="com.SwagLab.TestCases.InventoryPageTest" name="validateTotalProducts" time="0.022"/>
  <system-out/>
  <testcase classname="com.SwagLab.TestCases.InventoryPageTest" name="validateProducts" time="0.096"/>
  <system-out/>
  <testcase classname="com.SwagLab.TestCases.InventoryPageTest" name="validateAddToCart" time="0.144"/>
  <system-out/>
  <testcase classname="com.SwagLab.TestCases.InventoryPageTest" name="validateCartPage" time="0.086"/>
  <system-out/>
</testsuite> <!-- com.SwagLab.TestCases.InventoryPageTest -->
