<?xml version="1.0" encoding="UTF-8"?>
<!-- Generated by org.testng.reporters.JUnitReportReporter -->
<testsuite hostname="LAPTOP-5KMFOFH9" failures="0" tests="4" name="com.SwagLab.TestCases.CartPageTest" time="0.487" errors="0" timestamp="2024-11-20T16:19:33 IST" skipped="0">
  <testcase classname="com.SwagLab.TestCases.CartPageTest" name="verifyProduct" time="0.024"/>
  <system-out/>
  <testcase classname="com.SwagLab.TestCases.CartPageTest" name="vaidateRemove" time="0.095"/>
  <system-out/>
  <testcase classname="com.SwagLab.TestCases.CartPageTest" name="validateContinueShopping" time="0.279"/>
  <system-out/>
  <testcase classname="com.SwagLab.TestCases.CartPageTest" name="validateCheckOut" time="0.089"/>
  <system-out/>
</testsuite> <!-- com.SwagLab.TestCases.CartPageTest -->
